[debug] [2024-05-21T07:42:18.787Z] ----------------------------------------------------------------------
[debug] [2024-05-21T07:42:18.790Z] Command:       C:\Program Files\nodejs\node.exe C:\Program Files\nodejs\node_modules\firebase-tools\lib\bin\firebase.js init
[debug] [2024-05-21T07:42:18.791Z] CLI Version:   13.9.0
[debug] [2024-05-21T07:42:18.791Z] Platform:      win32
[debug] [2024-05-21T07:42:18.791Z] Node Version:  v20.10.0
[debug] [2024-05-21T07:42:18.791Z] Time:          Tue May 21 2024 15:42:18 GMT+0800 (Philippine Standard Time)
[debug] [2024-05-21T07:42:18.791Z] ----------------------------------------------------------------------
[debug] 
[debug] [2024-05-21T07:42:18.797Z] > command requires scopes: ["email","openid","https://www.googleapis.com/auth/cloudplatformprojects.readonly","https://www.googleapis.com/auth/firebase","https://www.googleapis.com/auth/cloud-platform"]
[debug] [2024-05-21T07:42:18.798Z] > authorizing via signed-in user (mark.see86@gmail.com)
[info] 
     ######## #### ########  ######## ########     ###     ######  ########
     ##        ##  ##     ## ##       ##     ##  ##   ##  ##       ##
     ######    ##  ########  ######   ########  #########  ######  ######
     ##        ##  ##    ##  ##       ##     ## ##     ##       ## ##
     ##       #### ##     ## ######## ########  ##     ##  ######  ########

You're about to initialize a Firebase project in this directory:

  E:\Work Stuff\code-dev\react\amazon-shop

[info] 
=== Project Setup
[info] 
[info] First, let's associate this project directory with a Firebase project.
[info] You can create multiple project aliases by running firebase use --add, 
[info] but for now we'll just set up a default project.
[info] 
[debug] [2024-05-21T07:42:24.801Z] > refreshing access token with scopes: []
[debug] [2024-05-21T07:42:24.803Z] >>> [apiv2][query] POST https://www.googleapis.com/oauth2/v3/token [none]
[debug] [2024-05-21T07:42:24.803Z] >>> [apiv2][body] POST https://www.googleapis.com/oauth2/v3/token [omitted]
[debug] [2024-05-21T07:42:24.956Z] <<< [apiv2][status] POST https://www.googleapis.com/oauth2/v3/token 400
[debug] [2024-05-21T07:42:24.956Z] <<< [apiv2][body] POST https://www.googleapis.com/oauth2/v3/token [omitted]
[debug] [2024-05-21T07:42:24.957Z] >>> [apiv2][query] GET https://firebase.googleapis.com/v1beta1/projects pageSize=100
[debug] [2024-05-21T07:42:25.199Z] <<< [apiv2][status] GET https://firebase.googleapis.com/v1beta1/projects 401
[debug] [2024-05-21T07:42:25.199Z] <<< [apiv2][body] GET https://firebase.googleapis.com/v1beta1/projects [omitted]
[debug] [2024-05-21T07:42:25.200Z] HTTP Error: 401, Request had invalid authentication credentials. Expected OAuth 2 access token, login cookie or other valid authentication credential. See https://developers.google.com/identity/sign-in/web/devconsole-project.
[debug] [2024-05-21T07:42:25.275Z] FirebaseError: HTTP Error: 401, Request had invalid authentication credentials. Expected OAuth 2 access token, login cookie or other valid authentication credential. See https://developers.google.com/identity/sign-in/web/devconsole-project.
    at responseToError (C:\Users\Mark\AppData\Roaming\nvm\v20.10.0\node_modules\firebase-tools\lib\responseToError.js:49:12)
    at RetryOperation._fn (C:\Users\Mark\AppData\Roaming\nvm\v20.10.0\node_modules\firebase-tools\lib\apiv2.js:305:77)
    at process.processTicksAndRejections (node:internal/process/task_queues:95:5)
[error] 
[error] Error: Failed to list Firebase projects. See firebase-debug.log for more info.
